<?xml version="1.0" encoding="UTF-8"?>
<testng-results skipped="0" failed="0" ignored="0" total="1" passed="1">
  <reporter-output>
  </reporter-output>
  <suite name="Default suite" duration-ms="11839" started-at="2018-07-14T15:25:39Z" finished-at="2018-07-14T15:25:51Z">
    <groups>
    </groups>
    <test name="Default test" duration-ms="11839" started-at="2018-07-14T15:25:39Z" finished-at="2018-07-14T15:25:51Z">
      <class name="com.demo.TestCase01">
        <test-method status="PASS" signature="TC01()[pri:0, instance:com.demo.TestCase01@46d56d67]" name="TC01" duration-ms="11792" started-at="2018-07-14T15:25:39Z" finished-at="2018-07-14T15:25:51Z">
          <reporter-output>
          </reporter-output>
        </test-method> <!-- TC01 -->
      </class> <!-- com.demo.TestCase01 -->
    </test> <!-- Default test -->
  </suite> <!-- Default suite -->
</testng-results>
